Reading GPU Configurations...
Block Scheduling Policy: ROUND_ROBIN
Warp Scheduling Policy: CCWS
trace type : nvbit
> trace_path: /storage/ice-shared/cs8803o21/macsim_traces/lavaMD/5/Kernel0/trace.txt truncate_size: 0
 trace type : nvbit
# of blocks: 125, # of warps: 500, # of Instrs: 43276498
Macsim started @ Tue Oct 22 17:07:59 2024

**************************************************
========== starting kernel 0 ==========
RAM resp id:0 m_cycle=240 req_time=37 resp_time=203 total_latency=203
[Cycle: 100000]: mem_requests: 220, mem_responses: 220, avg_latency: 205
[Cycle: 200000]: mem_requests: 329, mem_responses: 329, avg_latency: 204
[Cycle: 300000]: mem_requests: 382, mem_responses: 382, avg_latency: 204
[Cycle: 400000]: mem_requests: 465, mem_responses: 465, avg_latency: 203
[Cycle: 500000]: mem_requests: 526, mem_responses: 526, avg_latency: 202
[Cycle: 600000]: mem_requests: 593, mem_responses: 593, avg_latency: 201
[Cycle: 700000]: mem_requests: 661, mem_responses: 661, avg_latency: 197
[Cycle: 800000]: mem_requests: 719, mem_responses: 719, avg_latency: 193
[Cycle: 900000]: mem_requests: 916, mem_responses: 916, avg_latency: 186
RAM resp id:1000 m_cycle=942278 req_time=942075 resp_time=203 total_latency=184041
[Cycle: 1000000]: mem_requests: 1083, mem_responses: 1082, avg_latency: 182
[Cycle: 1100000]: mem_requests: 1187, mem_responses: 1187, avg_latency: 181
[Cycle: 1200000]: mem_requests: 1234, mem_responses: 1234, avg_latency: 181
[Cycle: 1300000]: mem_requests: 1318, mem_responses: 1318, avg_latency: 180
[Cycle: 1400000]: mem_requests: 1418, mem_responses: 1418, avg_latency: 180
[Cycle: 1500000]: mem_requests: 1498, mem_responses: 1498, avg_latency: 179
[Cycle: 1600000]: mem_requests: 1596, mem_responses: 1596, avg_latency: 178
[Cycle: 1700000]: mem_requests: 1651, mem_responses: 1651, avg_latency: 178
[Cycle: 1800000]: mem_requests: 1789, mem_responses: 1789, avg_latency: 178
[Cycle: 1900000]: mem_requests: 1863, mem_responses: 1863, avg_latency: 178
[Cycle: 2000000]: mem_requests: 1907, mem_responses: 1907, avg_latency: 178
RAM resp id:2000 m_cycle=2080728 req_time=2080525 resp_time=203 total_latency=358217
[Cycle: 2100000]: mem_requests: 2034, mem_responses: 2034, avg_latency: 179
[Cycle: 2200000]: mem_requests: 2224, mem_responses: 2224, avg_latency: 179
[Cycle: 2300000]: mem_requests: 2343, mem_responses: 2343, avg_latency: 179
[Cycle: 2400000]: mem_requests: 2428, mem_responses: 2428, avg_latency: 179
[Cycle: 2500000]: mem_requests: 2528, mem_responses: 2528, avg_latency: 179
[Cycle: 2600000]: mem_requests: 2608, mem_responses: 2608, avg_latency: 179
[Cycle: 2700000]: mem_requests: 2726, mem_responses: 2726, avg_latency: 178
[Cycle: 2800000]: mem_requests: 2812, mem_responses: 2812, avg_latency: 178
[Cycle: 2900000]: mem_requests: 2893, mem_responses: 2892, avg_latency: 178
[Cycle: 3000000]: mem_requests: 2993, mem_responses: 2993, avg_latency: 178
RAM resp id:3000 m_cycle=3001676 req_time=3001473 resp_time=203 total_latency=536456
[Cycle: 3100000]: mem_requests: 3140, mem_responses: 3140, avg_latency: 179
[Cycle: 3200000]: mem_requests: 3202, mem_responses: 3202, avg_latency: 178
[Cycle: 3300000]: mem_requests: 3262, mem_responses: 3262, avg_latency: 178
[Cycle: 3400000]: mem_requests: 3433, mem_responses: 3431, avg_latency: 179
[Cycle: 3500000]: mem_requests: 3614, mem_responses: 3614, avg_latency: 179
[Cycle: 3600000]: mem_requests: 3721, mem_responses: 3721, avg_latency: 179
[Cycle: 3700000]: mem_requests: 3833, mem_responses: 3833, avg_latency: 179
[Cycle: 3800000]: mem_requests: 3962, mem_responses: 3962, avg_latency: 179
RAM resp id:4000 m_cycle=3881793 req_time=3881590 resp_time=203 total_latency=717533
[Cycle: 3900000]: mem_requests: 4026, mem_responses: 4026, avg_latency: 179
[Cycle: 4000000]: mem_requests: 4118, mem_responses: 4118, avg_latency: 179
[Cycle: 4100000]: mem_requests: 4215, mem_responses: 4215, avg_latency: 179
[Cycle: 4200000]: mem_requests: 4275, mem_responses: 4275, avg_latency: 179
[Cycle: 4300000]: mem_requests: 4379, mem_responses: 4379, avg_latency: 179
[Cycle: 4400000]: mem_requests: 4492, mem_responses: 4492, avg_latency: 178
[Cycle: 4500000]: mem_requests: 4521, mem_responses: 4521, avg_latency: 178
[Cycle: 4600000]: mem_requests: 4626, mem_responses: 4624, avg_latency: 178
[Cycle: 4700000]: mem_requests: 4805, mem_responses: 4802, avg_latency: 178
[Cycle: 4800000]: mem_requests: 4920, mem_responses: 4920, avg_latency: 179
RAM resp id:5000 m_cycle=4862355 req_time=4862152 resp_time=203 total_latency=896783
[Cycle: 4900000]: mem_requests: 5022, mem_responses: 5022, avg_latency: 179
[Cycle: 5000000]: mem_requests: 5085, mem_responses: 5085, avg_latency: 179
[Cycle: 5100000]: mem_requests: 5187, mem_responses: 5187, avg_latency: 178
[Cycle: 5200000]: mem_requests: 5236, mem_responses: 5236, avg_latency: 178
[Cycle: 5300000]: mem_requests: 5348, mem_responses: 5348, avg_latency: 178
[Cycle: 5400000]: mem_requests: 5426, mem_responses: 5426, avg_latency: 178
core 4 retired
core 3 retired
core 2 retired
core 6 retired
[Cycle: 5500000]: mem_requests: 5430, mem_responses: 5430, avg_latency: 178
core 7 retired
core 5 retired
core 1 retired
core 0 retired
========== kernel 0 summary ==========
Core: 0
	CORE0_TOT_CYCLES   : 5561433
	CORE0_STALL_CYCLES : 3214
	CORE0_LD_INSTR     : 567
	CORE0_ST_INSTR     : 0
	CORE0_TOT_INSTR    : 5561433
Core: 1
	CORE1_TOT_CYCLES   : 5542499
	CORE1_STALL_CYCLES : 4299
	CORE1_LD_INSTR     : 519
	CORE1_ST_INSTR     : 0
	CORE1_TOT_INSTR    : 5542499
Core: 2
	CORE2_TOT_CYCLES   : 5442563
	CORE2_STALL_CYCLES : 4147
	CORE2_LD_INSTR     : 590
	CORE2_ST_INSTR     : 0
	CORE2_TOT_INSTR    : 5442563
Core: 3
	CORE3_TOT_CYCLES   : 5441726
	CORE3_STALL_CYCLES : 3663
	CORE3_LD_INSTR     : 594
	CORE3_ST_INSTR     : 0
	CORE3_TOT_INSTR    : 5441726
Core: 4
	CORE4_TOT_CYCLES   : 5441053
	CORE4_STALL_CYCLES : 2888
	CORE4_LD_INSTR     : 696
	CORE4_ST_INSTR     : 0
	CORE4_TOT_INSTR    : 5441053
Core: 5
	CORE5_TOT_CYCLES   : 5541773
	CORE5_STALL_CYCLES : 3499
	CORE5_LD_INSTR     : 593
	CORE5_ST_INSTR     : 0
	CORE5_TOT_INSTR    : 5541773
Core: 6
	CORE6_TOT_CYCLES   : 5461242
	CORE6_STALL_CYCLES : 3339
	CORE6_LD_INSTR     : 463
	CORE6_ST_INSTR     : 0
	CORE6_TOT_INSTR    : 5461242
Core: 7
	CORE7_TOT_CYCLES   : 5523106
	CORE7_STALL_CYCLES : 4651
	CORE7_LD_INSTR     : 745
	CORE7_ST_INSTR     : 0
	CORE7_TOT_INSTR    : 5523106
GPU Retired.
**************************************************
Simulation finished @ Tue Oct 22 17:08:13 2024

Total simulation time: 0:0:14

============= MacSim Stats =============
Macsim:
	NUM_CYCLES              : 5561432
	NUM_INSTRS_RETIRED      : 43920412
	NUM_STALL_CYCLES        : 29700
	NUM_MEM_REQUESTS        : 5430
	NUM_MEM_RESPONSES       : 5430
	AVG_RESPONSE_LATENCY    : 178
	NUM_TTIMEDOUT_REQUESTS  : 0
	INSTR_PER_CYCLE         : 7.897321
Cache:
	CACHE_NUM_ACCESSES    : 631427
	CACHE_NUM_HITS        : 196432
	CACHE_HIT_RATE_PERC   : 31.11
	MISSES_PER_1000_INSTR : 9.90

========================================

[END OF GPU SIMULATION]
